Free Pascal Compiler version 3.0.4 [2017/10/08] for i386
Copyright (c) 1993-2017 by Florian Klaempfl and others
Target OS: GO32 V2 DOS extender
Compiling corelib\hxdos\fpg_tkit.pas
Compiling .\corelib\fpg_base.pas
Compiling corelib\hxdos\fpg_impl.pas
Compiling .\corelib\hxwapi\contnrs.pp
contnrs.pp(1289,48) Warning: Comparison might be always false due to range of constant and expression
contnrs.pp(2702,12) Warning: Converting pointers to signed integers may result in wrong comparison results and range errors, use an unsigned type instead.
Writing Resource String Table file: contnrs.rsj
Compiling .\corelib\hxwapi\fpcolnum.pas
Compiling .\corelib\hxwapi\fpimage.pp
fpimage.pp(168,16) Note: Virtual method "GetInternalColor(LongInt;LongInt):<record type>;" has a lower visibility (private) than parent class TFPCustomImage (protected)
fpimage.pp(169,17) Note: Virtual method "SetInternalColor(LongInt;LongInt;const TFPColor);" has a lower visibility (private) than parent class TFPCustomImage (protected)
fpimage.pp(170,17) Note: Virtual method "SetUsePalette(Boolean);" has a lower visibility (private) than parent class TFPCustomImage (protected)
fpimage.inc(78,5) Note: Local variable "f" not used
Compiling .\corelib\hxwapi\qtwinapi.pas
Compiling .\corelib\hxwapi\lcltype.pp
lcltype.pp(1121,36) Note: Values in enumeration types have to be ascending
Compiling .\corelib\hxwapi\doskeybd.pas
doskeybd.pas(1264,5) Note: Local variable "ch" not used
doskeybd.pas(1264,15) Note: Local variable "chb" not used
doskeybd.pas(1264,26) Note: Local variable "scan" not used
doskeybd.pas(1264,38) Note: Local variable "DosKeyCode" not used
doskeybd.pas(1279,12) Warning: Function result does not seem to be set
doskeybd.pas(1281,5) Note: Local variable "r" not used
doskeybd.pas(1308,12) Warning: Function result does not seem to be set
doskeybd.pas(1333,12) Warning: Function result does not seem to be set
doskeybd.pas(1360,12) Warning: Function result does not seem to be set
doskeybd.pas(1365,12) Warning: Function result does not seem to be set
Compiling corelib\hxdos\hxvesa32.pas
qtwinapi.pas(62,2) Fatal: Cannot open include file "gdi_defines.inc"
Fatal: Compilation aborted
Error: F:\FPC\BIN\GO32V2\ppc386.exe returned an error exitcode
